android/app/build/intermediates/manifest_merge_blame_file/debug/manifest-merger-blame-debug-report.txt
1<?xml version="1.0" encoding="utf-8"?>
2<manifest xmlns:android="http://schemas.android.com/apk/res/android"
3    package="com.testproject"
4    android:versionCode="1"
5    android:versionName="1.0" >
6
7    <uses-sdk
8        android:minSdkVersion="16"
9        android:targetSdkVersion="28" />
10
11    <uses-permission android:name="android.permission.SYSTEM_ALERT_WINDOW" />
11-->src/debug/AndroidManifest.xml:5:5-77
11-->src/debug/AndroidManifest.xml:5:22-75
12    <uses-permission android:name="android.permission.INTERNET" />
12-->src/main/AndroidManifest.xml:4:5-67
12-->src/main/AndroidManifest.xml:4:22-64
13    <uses-permission android:name="android.permission.ACCESS_WIFI_STATE" />
13-->[com.facebook.flipper:flipper:0.33.1] AndroidManifest.xml:16:5-76
13-->[com.facebook.flipper:flipper:0.33.1] AndroidManifest.xml:16:22-73
14    <uses-permission android:name="android.permission.WRITE_EXTERNAL_STORAGE" />
14-->[:react-native-image-crop-picker] AndroidManifest.xml:10:5-81
14-->[:react-native-image-crop-picker] AndroidManifest.xml:10:22-78
15
16    <application
16-->src/main/AndroidManifest.xml:6:5-25:19
17        android:name="com.testproject.MainApplication"
17-->src/main/AndroidManifest.xml:7:7-38
18        android:allowBackup="false"
18-->src/main/AndroidManifest.xml:11:7-34
19        android:appComponentFactory="androidx.core.app.CoreComponentFactory"
19-->[androidx.core:core:1.1.0] AndroidManifest.xml:24:18-86
20        android:debuggable="true"
21        android:icon="@mipmap/ic_launcher"
21-->src/main/AndroidManifest.xml:9:7-41
22        android:label="@string/app_name"
22-->src/main/AndroidManifest.xml:8:7-39
23        android:roundIcon="@mipmap/ic_launcher_round"
23-->src/main/AndroidManifest.xml:10:7-52
24        android:testOnly="true"
25        android:theme="@style/AppTheme"
25-->src/main/AndroidManifest.xml:12:7-38
26        android:usesCleartextTraffic="true" >
26-->src/debug/AndroidManifest.xml:7:18-53
27        <activity
27-->src/main/AndroidManifest.xml:13:7-23:18
28            android:name="com.testproject.MainActivity"
28-->src/main/AndroidManifest.xml:14:9-37
29            android:configChanges="keyboard|keyboardHidden|orientation|screenSize|uiMode"
29-->src/main/AndroidManifest.xml:16:9-86
30            android:label="@string/app_name"
30-->src/main/AndroidManifest.xml:15:9-41
31            android:launchMode="singleTask"
31-->src/main/AndroidManifest.xml:17:9-40
32            android:windowSoftInputMode="adjustResize" >
32-->src/main/AndroidManifest.xml:18:9-51
33            <intent-filter>
33-->src/main/AndroidManifest.xml:19:9-22:25
34                <action android:name="android.intent.action.MAIN" />
34-->src/main/AndroidManifest.xml:20:13-65
34-->src/main/AndroidManifest.xml:20:21-62
35
36                <category android:name="android.intent.category.LAUNCHER" />
36-->src/main/AndroidManifest.xml:21:13-73
36-->src/main/AndroidManifest.xml:21:23-70
37            </intent-filter>
38        </activity>
39        <activity android:name="com.facebook.react.devsupport.DevSettingsActivity" />
39-->src/main/AndroidManifest.xml:24:7-84
39-->src/main/AndroidManifest.xml:24:17-81
40
41        <provider
41-->[:react-native-image-crop-picker] AndroidManifest.xml:13:9-21:20
42            android:name="androidx.core.content.FileProvider"
42-->[:react-native-image-crop-picker] AndroidManifest.xml:14:13-62
43            android:authorities="com.testproject.provider"
43-->[:react-native-image-crop-picker] AndroidManifest.xml:15:13-60
44            android:exported="false"
44-->[:react-native-image-crop-picker] AndroidManifest.xml:16:13-37
45            android:grantUriPermissions="true" >
45-->[:react-native-image-crop-picker] AndroidManifest.xml:17:13-47
46            <meta-data
46-->[:react-native-image-crop-picker] AndroidManifest.xml:18:13-20:58
47                android:name="android.support.FILE_PROVIDER_PATHS"
47-->[:react-native-image-crop-picker] AndroidManifest.xml:19:17-67
48                android:resource="@xml/provider_paths" />
48-->[:react-native-image-crop-picker] AndroidManifest.xml:20:17-55
49        </provider>
50
51        <activity
51-->[:react-native-image-crop-picker] AndroidManifest.xml:23:9-25:72
52            android:name="com.yalantis.ucrop.UCropActivity"
52-->[:react-native-image-crop-picker] AndroidManifest.xml:24:13-60
53            android:theme="@style/Theme.AppCompat.Light.NoActionBar" />
53-->[:react-native-image-crop-picker] AndroidManifest.xml:25:13-69
54    </application>
55
56</manifest>